This is pdfTeX, Version 3.14159265-2.6-1.40.16 (TeX Live 2015) (preloaded format=pdflatex 2017.7.19)  4 AUG 2017 12:48
entering extended mode
 restricted \write18 enabled.
 %&-line parsing enabled.
**Memoire_Morvan_Josselin.tex
(./Memoire_Morvan_Josselin.tex
LaTeX2e <2015/01/01>
Babel <3.9l> and hyphenation patterns for 79 languages loaded.
(/usr/local/texlive/2015/texmf-dist/tex/latex/base/book.cls
Document Class: book 2014/09/29 v1.4h Standard LaTeX document class
(/usr/local/texlive/2015/texmf-dist/tex/latex/base/bk12.clo
File: bk12.clo 2014/09/29 v1.4h Standard LaTeX file (size option)
)
\c@part=\count79
\c@chapter=\count80
\c@section=\count81
\c@subsection=\count82
\c@subsubsection=\count83
\c@paragraph=\count84
\c@subparagraph=\count85
\c@figure=\count86
\c@table=\count87
\abovecaptionskip=\skip41
\belowcaptionskip=\skip42
\bibindent=\dimen102
)
(/usr/local/texlive/2015/texmf-dist/tex/latex/geometry/geometry.sty
Package: geometry 2010/09/12 v5.6 Page Geometry

(/usr/local/texlive/2015/texmf-dist/tex/latex/graphics/keyval.sty
Package: keyval 2014/10/28 v1.15 key=value parser (DPC)
\KV@toks@=\toks14
)
(/usr/local/texlive/2015/texmf-dist/tex/generic/oberdiek/ifpdf.sty
Package: ifpdf 2011/01/30 v2.3 Provides the ifpdf switch (HO)
Package ifpdf Info: pdfTeX in PDF mode is detected.
)
(/usr/local/texlive/2015/texmf-dist/tex/generic/oberdiek/ifvtex.sty
Package: ifvtex 2010/03/01 v1.5 Detect VTeX and its facilities (HO)
Package ifvtex Info: VTeX not detected.
)
(/usr/local/texlive/2015/texmf-dist/tex/generic/ifxetex/ifxetex.sty
Package: ifxetex 2010/09/12 v0.6 Provides ifxetex conditional
)
\Gm@cnth=\count88
\Gm@cntv=\count89
\c@Gm@tempcnt=\count90
\Gm@bindingoffset=\dimen103
\Gm@wd@mp=\dimen104
\Gm@odd@mp=\dimen105
\Gm@even@mp=\dimen106
\Gm@layoutwidth=\dimen107
\Gm@layoutheight=\dimen108
\Gm@layouthoffset=\dimen109
\Gm@layoutvoffset=\dimen110
\Gm@dimlist=\toks15
)
(/usr/local/texlive/2015/texmf-dist/tex/latex/setspace/setspace.sty
Package: setspace 2011/12/19 v6.7a set line spacing
)
(/usr/local/texlive/2015/texmf-dist/tex/latex/tocbibind/tocbibind.sty
Package: tocbibind 2010/10/13 v1.5k extra ToC listings
Package tocbibind Info: The document has chapter divisions on input line 50.


Package tocbibind Note: Using chapter style headings, unless overridden.

) (/usr/local/texlive/2015/texmf-dist/tex/latex/hyperref/hyperref.sty
Package: hyperref 2012/11/06 v6.83m Hypertext links for LaTeX

(/usr/local/texlive/2015/texmf-dist/tex/generic/oberdiek/hobsub-hyperref.sty
Package: hobsub-hyperref 2012/05/28 v1.13 Bundle oberdiek, subset hyperref (HO)


(/usr/local/texlive/2015/texmf-dist/tex/generic/oberdiek/hobsub-generic.sty
Package: hobsub-generic 2012/05/28 v1.13 Bundle oberdiek, subset generic (HO)
Package: hobsub 2012/05/28 v1.13 Construct package bundles (HO)
Package: infwarerr 2010/04/08 v1.3 Providing info/warning/error messages (HO)
Package: ltxcmds 2011/11/09 v1.22 LaTeX kernel commands for general use (HO)
Package: ifluatex 2010/03/01 v1.3 Provides the ifluatex switch (HO)
Package ifluatex Info: LuaTeX not detected.
Package hobsub Info: Skipping package `ifvtex' (already loaded).
Package: intcalc 2007/09/27 v1.1 Expandable calculations with integers (HO)
Package hobsub Info: Skipping package `ifpdf' (already loaded).
Package: etexcmds 2011/02/16 v1.5 Avoid name clashes with e-TeX commands (HO)
Package etexcmds Info: Could not find \expanded.
(etexcmds)             That can mean that you are not using pdfTeX 1.50 or
(etexcmds)             that some package has redefined \expanded.
(etexcmds)             In the latter case, load this package earlier.
Package: kvsetkeys 2012/04/25 v1.16 Key value parser (HO)
Package: kvdefinekeys 2011/04/07 v1.3 Define keys (HO)
Package: pdftexcmds 2011/11/29 v0.20 Utility functions of pdfTeX for LuaTeX (HO
)
Package pdftexcmds Info: LuaTeX not detected.
Package pdftexcmds Info: \pdf@primitive is available.
Package pdftexcmds Info: \pdf@ifprimitive is available.
Package pdftexcmds Info: \pdfdraftmode found.
Package: pdfescape 2011/11/25 v1.13 Implements pdfTeX's escape features (HO)
Package: bigintcalc 2012/04/08 v1.3 Expandable calculations on big integers (HO
)
Package: bitset 2011/01/30 v1.1 Handle bit-vector datatype (HO)
Package: uniquecounter 2011/01/30 v1.2 Provide unlimited unique counter (HO)
)
Package hobsub Info: Skipping package `hobsub' (already loaded).
Package: letltxmacro 2010/09/02 v1.4 Let assignment for LaTeX macros (HO)
Package: hopatch 2012/05/28 v1.2 Wrapper for package hooks (HO)
Package: xcolor-patch 2011/01/30 xcolor patch
Package: atveryend 2011/06/30 v1.8 Hooks at the very end of document (HO)
Package atveryend Info: \enddocument detected (standard20110627).
Package: atbegshi 2011/10/05 v1.16 At begin shipout hook (HO)
Package: refcount 2011/10/16 v3.4 Data extraction from label references (HO)
Package: hycolor 2011/01/30 v1.7 Color options for hyperref/bookmark (HO)
)
(/usr/local/texlive/2015/texmf-dist/tex/latex/oberdiek/auxhook.sty
Package: auxhook 2011/03/04 v1.3 Hooks for auxiliary files (HO)
)
(/usr/local/texlive/2015/texmf-dist/tex/latex/oberdiek/kvoptions.sty
Package: kvoptions 2011/06/30 v3.11 Key value format for package options (HO)
)
\@linkdim=\dimen111
\Hy@linkcounter=\count91
\Hy@pagecounter=\count92

(/usr/local/texlive/2015/texmf-dist/tex/latex/hyperref/pd1enc.def
File: pd1enc.def 2012/11/06 v6.83m Hyperref: PDFDocEncoding definition (HO)
)
\Hy@SavedSpaceFactor=\count93

(/usr/local/texlive/2015/texmf-dist/tex/latex/latexconfig/hyperref.cfg
File: hyperref.cfg 2002/06/06 v1.2 hyperref configuration of TeXLive
)
Package hyperref Info: Option `colorlinks' set `true' on input line 4319.
Package hyperref Info: Hyper figures OFF on input line 4443.
Package hyperref Info: Link nesting OFF on input line 4448.
Package hyperref Info: Hyper index ON on input line 4451.
Package hyperref Info: Plain pages OFF on input line 4458.
Package hyperref Info: Backreferencing OFF on input line 4463.
Package hyperref Info: Implicit mode ON; LaTeX internals redefined.
Package hyperref Info: Bookmarks ON on input line 4688.
\c@Hy@tempcnt=\count94

(/usr/local/texlive/2015/texmf-dist/tex/latex/url/url.sty
\Urlmuskip=\muskip10
Package: url 2013/09/16  ver 3.4  Verb mode for urls, etc.
)
LaTeX Info: Redefining \url on input line 5041.
\XeTeXLinkMargin=\dimen112
\Fld@menulength=\count95
\Field@Width=\dimen113
\Fld@charsize=\dimen114
Package hyperref Info: Hyper figures OFF on input line 6295.
Package hyperref Info: Link nesting OFF on input line 6300.
Package hyperref Info: Hyper index ON on input line 6303.
Package hyperref Info: backreferencing OFF on input line 6310.
Package hyperref Info: Link coloring ON on input line 6313.
Package hyperref Info: Link coloring with OCG OFF on input line 6320.
Package hyperref Info: PDF/A mode OFF on input line 6325.
LaTeX Info: Redefining \ref on input line 6365.
LaTeX Info: Redefining \pageref on input line 6369.
\Hy@abspage=\count96
\c@Item=\count97
\c@Hfootnote=\count98
)

Package hyperref Message: Driver (autodetected): hpdftex.

(/usr/local/texlive/2015/texmf-dist/tex/latex/hyperref/hpdftex.def
File: hpdftex.def 2012/11/06 v6.83m Hyperref driver for pdfTeX
\Fld@listcount=\count99
\c@bookmark@seq@number=\count100

(/usr/local/texlive/2015/texmf-dist/tex/latex/oberdiek/rerunfilecheck.sty
Package: rerunfilecheck 2011/04/15 v1.7 Rerun checks for auxiliary files (HO)
Package uniquecounter Info: New unique counter `rerunfilecheck' on input line 2
82.
)
\Hy@SectionHShift=\skip43
)
(/usr/local/texlive/2015/texmf-dist/tex/generic/babel/babel.sty
Package: babel 2014/09/25 3.9l The Babel package

(/usr/local/texlive/2015/texmf-dist/tex/generic/babel-english/english.ldf
Language: english 2012/08/20 v3.3p English support from the babel system

(/usr/local/texlive/2015/texmf-dist/tex/generic/babel/babel.def
File: babel.def 2014/09/25 3.9l Babel common definitions
\babel@savecnt=\count101
\U@D=\dimen115
)
\l@canadian = a dialect from \language\l@american 
\l@australian = a dialect from \language\l@british 
\l@newzealand = a dialect from \language\l@british 
)
(/usr/local/texlive/2015/texmf-dist/tex/generic/babel-italian/italian.ldf
Language: italian 2015/03/26 v1.3n Italian support from the babel system
\it@lettering=\count102
\it@doublequoteactive=\count103
\it@ISOcompliance=\count104
)
(/usr/local/texlive/2015/texmf-dist/tex/generic/babel-french/frenchb.ldf
Language: frenchb 2015/04/10 v3.1e French support from the babel system
\l@acadian = a dialect from \language\l@french 
\l@canadien = a dialect from \language\l@french 
\FBcolonskip=\skip44
\FBthinskip=\skip45
\FB@interchartokenstateORI=\count105
Package babel Info: Making : an active character on input line 371.
Package babel Info: Making ; an active character on input line 372.
Package babel Info: Making ! an active character on input line 373.
Package babel Info: Making ? an active character on input line 374.
\FBguillskip=\skip46
\FBguill@level=\count106
\FB@Mht=\dimen116
\std@mcc=\count107
\dec@mcc=\count108
\listindentFB=\skip47
\labelwidthFB=\skip48
\leftmarginFB=\skip49
\parindentFFN=\dimen117
))
(/usr/local/texlive/2015/texmf-dist/tex/latex/etoolbox/etoolbox.sty
Package: etoolbox 2015/05/04 v2.2 e-TeX tools for LaTeX (JAW)
\etb@tempcnta=\count109
)
(/usr/local/texlive/2015/texmf-dist/tex/latex/carlisle/scalefnt.sty)
(/usr/local/texlive/2015/texmf-dist/tex/latex/base/inputenc.sty
Package: inputenc 2015/03/17 v1.2c Input encoding file
\inpenc@prehook=\toks16
\inpenc@posthook=\toks17

(/usr/local/texlive/2015/texmf-dist/tex/latex/base/utf8.def
File: utf8.def 2014/09/29 v1.1m UTF-8 support for inputenc
Now handling font encoding OML ...
... no UTF-8 mapping file for font encoding OML
Now handling font encoding T1 ...
... processing UTF-8 mapping file for font encoding T1

(/usr/local/texlive/2015/texmf-dist/tex/latex/base/t1enc.dfu
File: t1enc.dfu 2014/09/29 v1.1m UTF-8 support for inputenc
   defining Unicode char U+00A1 (decimal 161)
   defining Unicode char U+00A3 (decimal 163)
   defining Unicode char U+00AB (decimal 171)
   defining Unicode char U+00BB (decimal 187)
   defining Unicode char U+00BF (decimal 191)
   defining Unicode char U+00C0 (decimal 192)
   defining Unicode char U+00C1 (decimal 193)
   defining Unicode char U+00C2 (decimal 194)
   defining Unicode char U+00C3 (decimal 195)
   defining Unicode char U+00C4 (decimal 196)
   defining Unicode char U+00C5 (decimal 197)
   defining Unicode char U+00C6 (decimal 198)
   defining Unicode char U+00C7 (decimal 199)
   defining Unicode char U+00C8 (decimal 200)
   defining Unicode char U+00C9 (decimal 201)
   defining Unicode char U+00CA (decimal 202)
   defining Unicode char U+00CB (decimal 203)
   defining Unicode char U+00CC (decimal 204)
   defining Unicode char U+00CD (decimal 205)
   defining Unicode char U+00CE (decimal 206)
   defining Unicode char U+00CF (decimal 207)
   defining Unicode char U+00D0 (decimal 208)
   defining Unicode char U+00D1 (decimal 209)
   defining Unicode char U+00D2 (decimal 210)
   defining Unicode char U+00D3 (decimal 211)
   defining Unicode char U+00D4 (decimal 212)
   defining Unicode char U+00D5 (decimal 213)
   defining Unicode char U+00D6 (decimal 214)
   defining Unicode char U+00D8 (decimal 216)
   defining Unicode char U+00D9 (decimal 217)
   defining Unicode char U+00DA (decimal 218)
   defining Unicode char U+00DB (decimal 219)
   defining Unicode char U+00DC (decimal 220)
   defining Unicode char U+00DD (decimal 221)
   defining Unicode char U+00DE (decimal 222)
   defining Unicode char U+00DF (decimal 223)
   defining Unicode char U+00E0 (decimal 224)
   defining Unicode char U+00E1 (decimal 225)
   defining Unicode char U+00E2 (decimal 226)
   defining Unicode char U+00E3 (decimal 227)
   defining Unicode char U+00E4 (decimal 228)
   defining Unicode char U+00E5 (decimal 229)
   defining Unicode char U+00E6 (decimal 230)
   defining Unicode char U+00E7 (decimal 231)
   defining Unicode char U+00E8 (decimal 232)
   defining Unicode char U+00E9 (decimal 233)
   defining Unicode char U+00EA (decimal 234)
   defining Unicode char U+00EB (decimal 235)
   defining Unicode char U+00EC (decimal 236)
   defining Unicode char U+00ED (decimal 237)
   defining Unicode char U+00EE (decimal 238)
   defining Unicode char U+00EF (decimal 239)
   defining Unicode char U+00F0 (decimal 240)
   defining Unicode char U+00F1 (decimal 241)
   defining Unicode char U+00F2 (decimal 242)
   defining Unicode char U+00F3 (decimal 243)
   defining Unicode char U+00F4 (decimal 244)
   defining Unicode char U+00F5 (decimal 245)
   defining Unicode char U+00F6 (decimal 246)
   defining Unicode char U+00F8 (decimal 248)
   defining Unicode char U+00F9 (decimal 249)
   defining Unicode char U+00FA (decimal 250)
   defining Unicode char U+00FB (decimal 251)
   defining Unicode char U+00FC (decimal 252)
   defining Unicode char U+00FD (decimal 253)
   defining Unicode char U+00FE (decimal 254)
   defining Unicode char U+00FF (decimal 255)
   defining Unicode char U+0102 (decimal 258)
   defining Unicode char U+0103 (decimal 259)
   defining Unicode char U+0104 (decimal 260)
   defining Unicode char U+0105 (decimal 261)
   defining Unicode char U+0106 (decimal 262)
   defining Unicode char U+0107 (decimal 263)
   defining Unicode char U+010C (decimal 268)
   defining Unicode char U+010D (decimal 269)
   defining Unicode char U+010E (decimal 270)
   defining Unicode char U+010F (decimal 271)
   defining Unicode char U+0110 (decimal 272)
   defining Unicode char U+0111 (decimal 273)
   defining Unicode char U+0118 (decimal 280)
   defining Unicode char U+0119 (decimal 281)
   defining Unicode char U+011A (decimal 282)
   defining Unicode char U+011B (decimal 283)
   defining Unicode char U+011E (decimal 286)
   defining Unicode char U+011F (decimal 287)
   defining Unicode char U+0130 (decimal 304)
   defining Unicode char U+0131 (decimal 305)
   defining Unicode char U+0132 (decimal 306)
   defining Unicode char U+0133 (decimal 307)
   defining Unicode char U+0139 (decimal 313)
   defining Unicode char U+013A (decimal 314)
   defining Unicode char U+013D (decimal 317)
   defining Unicode char U+013E (decimal 318)
   defining Unicode char U+0141 (decimal 321)
   defining Unicode char U+0142 (decimal 322)
   defining Unicode char U+0143 (decimal 323)
   defining Unicode char U+0144 (decimal 324)
   defining Unicode char U+0147 (decimal 327)
   defining Unicode char U+0148 (decimal 328)
   defining Unicode char U+014A (decimal 330)
   defining Unicode char U+014B (decimal 331)
   defining Unicode char U+0150 (decimal 336)
   defining Unicode char U+0151 (decimal 337)
   defining Unicode char U+0152 (decimal 338)
   defining Unicode char U+0153 (decimal 339)
   defining Unicode char U+0154 (decimal 340)
   defining Unicode char U+0155 (decimal 341)
   defining Unicode char U+0158 (decimal 344)
   defining Unicode char U+0159 (decimal 345)
   defining Unicode char U+015A (decimal 346)
   defining Unicode char U+015B (decimal 347)
   defining Unicode char U+015E (decimal 350)
   defining Unicode char U+015F (decimal 351)
   defining Unicode char U+0160 (decimal 352)
   defining Unicode char U+0161 (decimal 353)
   defining Unicode char U+0162 (decimal 354)
   defining Unicode char U+0163 (decimal 355)
   defining Unicode char U+0164 (decimal 356)
   defining Unicode char U+0165 (decimal 357)
   defining Unicode char U+016E (decimal 366)
   defining Unicode char U+016F (decimal 367)
   defining Unicode char U+0170 (decimal 368)
   defining Unicode char U+0171 (decimal 369)
   defining Unicode char U+0178 (decimal 376)
   defining Unicode char U+0179 (decimal 377)
   defining Unicode char U+017A (decimal 378)
   defining Unicode char U+017B (decimal 379)
   defining Unicode char U+017C (decimal 380)
   defining Unicode char U+017D (decimal 381)
   defining Unicode char U+017E (decimal 382)
   defining Unicode char U+200C (decimal 8204)
   defining Unicode char U+2013 (decimal 8211)
   defining Unicode char U+2014 (decimal 8212)
   defining Unicode char U+2018 (decimal 8216)
   defining Unicode char U+2019 (decimal 8217)
   defining Unicode char U+201A (decimal 8218)
   defining Unicode char U+201C (decimal 8220)
   defining Unicode char U+201D (decimal 8221)
   defining Unicode char U+201E (decimal 8222)
   defining Unicode char U+2030 (decimal 8240)
   defining Unicode char U+2031 (decimal 8241)
   defining Unicode char U+2039 (decimal 8249)
   defining Unicode char U+203A (decimal 8250)
   defining Unicode char U+2423 (decimal 9251)
)
Now handling font encoding OT1 ...
... processing UTF-8 mapping file for font encoding OT1

(/usr/local/texlive/2015/texmf-dist/tex/latex/base/ot1enc.dfu
File: ot1enc.dfu 2014/09/29 v1.1m UTF-8 support for inputenc
   defining Unicode char U+00A1 (decimal 161)
   defining Unicode char U+00A3 (decimal 163)
   defining Unicode char U+00B8 (decimal 184)
   defining Unicode char U+00BF (decimal 191)
   defining Unicode char U+00C5 (decimal 197)
   defining Unicode char U+00C6 (decimal 198)
   defining Unicode char U+00D8 (decimal 216)
   defining Unicode char U+00DF (decimal 223)
   defining Unicode char U+00E6 (decimal 230)
   defining Unicode char U+00EC (decimal 236)
   defining Unicode char U+00ED (decimal 237)
   defining Unicode char U+00EE (decimal 238)
   defining Unicode char U+00EF (decimal 239)
   defining Unicode char U+00F8 (decimal 248)
   defining Unicode char U+0131 (decimal 305)
   defining Unicode char U+0141 (decimal 321)
   defining Unicode char U+0142 (decimal 322)
   defining Unicode char U+0152 (decimal 338)
   defining Unicode char U+0153 (decimal 339)
   defining Unicode char U+2013 (decimal 8211)
   defining Unicode char U+2014 (decimal 8212)
   defining Unicode char U+2018 (decimal 8216)
   defining Unicode char U+2019 (decimal 8217)
   defining Unicode char U+201C (decimal 8220)
   defining Unicode char U+201D (decimal 8221)
)
Now handling font encoding OMS ...
... processing UTF-8 mapping file for font encoding OMS

(/usr/local/texlive/2015/texmf-dist/tex/latex/base/omsenc.dfu
File: omsenc.dfu 2014/09/29 v1.1m UTF-8 support for inputenc
   defining Unicode char U+00A7 (decimal 167)
   defining Unicode char U+00B6 (decimal 182)
   defining Unicode char U+00B7 (decimal 183)
   defining Unicode char U+2020 (decimal 8224)
   defining Unicode char U+2021 (decimal 8225)
   defining Unicode char U+2022 (decimal 8226)
)
Now handling font encoding OMX ...
... no UTF-8 mapping file for font encoding OMX
Now handling font encoding U ...
... no UTF-8 mapping file for font encoding U
Now handling font encoding PD1 ...
... no UTF-8 mapping file for font encoding PD1
   defining Unicode char U+00A9 (decimal 169)
   defining Unicode char U+00AA (decimal 170)
   defining Unicode char U+00AE (decimal 174)
   defining Unicode char U+00BA (decimal 186)
   defining Unicode char U+02C6 (decimal 710)
   defining Unicode char U+02DC (decimal 732)
   defining Unicode char U+200C (decimal 8204)
   defining Unicode char U+2026 (decimal 8230)
   defining Unicode char U+2122 (decimal 8482)
   defining Unicode char U+2423 (decimal 9251)
))
(/usr/local/texlive/2015/texmf-dist/tex/latex/base/fontenc.sty
Package: fontenc 2005/09/27 v1.99g Standard LaTeX package

(/usr/local/texlive/2015/texmf-dist/tex/latex/base/t1enc.def
File: t1enc.def 2005/09/27 v1.99g Standard LaTeX file
LaTeX Font Info:    Redeclaring font encoding T1 on input line 48.
))
(/usr/local/texlive/2015/texmf-dist/tex/latex/pdfpages/pdfpages.sty
Package: pdfpages 2015/05/11 v0.4x Insert pages of external PDF documents (AM)

(/usr/local/texlive/2015/texmf-dist/tex/latex/base/ifthen.sty
Package: ifthen 2014/09/29 v1.1c Standard LaTeX ifthen package (DPC)
)
(/usr/local/texlive/2015/texmf-dist/tex/latex/tools/calc.sty
Package: calc 2014/10/28 v4.3 Infix arithmetic (KKT,FJ)
\calc@Acount=\count110
\calc@Bcount=\count111
\calc@Adimen=\dimen118
\calc@Bdimen=\dimen119
\calc@Askip=\skip50
\calc@Bskip=\skip51
LaTeX Info: Redefining \setlength on input line 80.
LaTeX Info: Redefining \addtolength on input line 81.
\calc@Ccount=\count112
\calc@Cskip=\skip52
)
(/usr/local/texlive/2015/texmf-dist/tex/latex/eso-pic/eso-pic.sty
Package: eso-pic 2015/04/20 v2.0e eso-pic (RN)

(/usr/local/texlive/2015/texmf-dist/tex/latex/xcolor/xcolor.sty
Package: xcolor 2007/01/21 v2.11 LaTeX color extensions (UK)

(/usr/local/texlive/2015/texmf-dist/tex/latex/latexconfig/color.cfg
File: color.cfg 2007/01/18 v1.5 color configuration of teTeX/TeXLive
)
Package xcolor Info: Driver file: pdftex.def on input line 225.

(/usr/local/texlive/2015/texmf-dist/tex/latex/pdftex-def/pdftex.def
File: pdftex.def 2011/05/27 v0.06d Graphics/color for pdfTeX
\Gread@gobject=\count113
)
Package xcolor Info: Model `cmy' substituted by `cmy0' on input line 1337.
Package xcolor Info: Model `hsb' substituted by `rgb' on input line 1341.
Package xcolor Info: Model `RGB' extended on input line 1353.
Package xcolor Info: Model `HTML' substituted by `rgb' on input line 1355.
Package xcolor Info: Model `Hsb' substituted by `hsb' on input line 1356.
Package xcolor Info: Model `tHsb' substituted by `hsb' on input line 1357.
Package xcolor Info: Model `HSB' substituted by `hsb' on input line 1358.
Package xcolor Info: Model `Gray' substituted by `gray' on input line 1359.
Package xcolor Info: Model `wave' substituted by `hsb' on input line 1360.
))
(/usr/local/texlive/2015/texmf-dist/tex/latex/graphics/graphicx.sty
Package: graphicx 2014/10/28 v1.0g Enhanced LaTeX Graphics (DPC,SPQR)

(/usr/local/texlive/2015/texmf-dist/tex/latex/graphics/graphics.sty
Package: graphics 2014/10/28 v1.0p Standard LaTeX Graphics (DPC,SPQR)

(/usr/local/texlive/2015/texmf-dist/tex/latex/graphics/trig.sty
Package: trig 1999/03/16 v1.09 sin cos tan (DPC)
)
(/usr/local/texlive/2015/texmf-dist/tex/latex/latexconfig/graphics.cfg
File: graphics.cfg 2010/04/23 v1.9 graphics configuration of TeX Live
)
Package graphics Info: Driver file: pdftex.def on input line 94.
)
\Gin@req@height=\dimen120
\Gin@req@width=\dimen121
)
\AM@pagewidth=\dimen122
\AM@pageheight=\dimen123

(/usr/local/texlive/2015/texmf-dist/tex/latex/pdfpages/pppdftex.def
File: pppdftex.def 2015/05/11 v0.4x Pdfpages driver for pdfTeX (AM)
)
\AM@pagebox=\box26
\AM@toc@title=\toks18
\c@AM@survey=\count114
\AM@templatesizebox=\box27
)
(/usr/local/texlive/2015/texmf-dist/tex/latex/psnfss/newcent.sty
Package: newcent 2005/04/12 PSNFSS-v9.2a (SPQR) 
)
(/usr/local/texlive/2015/texmf-dist/tex/latex/lettrine/lettrine.sty
File: lettrine.sty 2015/02/16 v1.8 (Daniel Flipo)
\c@DefaultLines=\count115
\c@DefaultDepth=\count116
\DefaultFindent=\dimen124
\DefaultNindent=\dimen125
\DefaultSlope=\dimen126
\DiscardVskip=\dimen127
\L@lbox=\box28
\L@tbox=\box29
\c@L@lines=\count117
\c@L@depth=\count118
\L@Pindent=\dimen128
\L@Findent=\dimen129
\L@Nindent=\dimen130
\L@lraise=\dimen131
\L@first=\dimen132
\L@next=\dimen133
\L@slope=\dimen134
\L@height=\dimen135
\L@novskip=\dimen136
\LettrineWidth=\dimen137
\LettrineHeight=\dimen138
\LettrineDepth=\dimen139

Loading lettrine.cfg
(/usr/local/texlive/2015/texmf-dist/tex/latex/lettrine/lettrine.cfg))
(/usr/local/texlive/2015/texmf-dist/tex/latex/pgf/frontendlayer/tikz.sty
(/usr/local/texlive/2015/texmf-dist/tex/latex/pgf/basiclayer/pgf.sty
(/usr/local/texlive/2015/texmf-dist/tex/latex/pgf/utilities/pgfrcs.sty
(/usr/local/texlive/2015/texmf-dist/tex/generic/pgf/utilities/pgfutil-common.te
x
\pgfutil@everybye=\toks19
\pgfutil@tempdima=\dimen140
\pgfutil@tempdimb=\dimen141

(/usr/local/texlive/2015/texmf-dist/tex/generic/pgf/utilities/pgfutil-common-li
sts.tex))
(/usr/local/texlive/2015/texmf-dist/tex/generic/pgf/utilities/pgfutil-latex.def
\pgfutil@abb=\box30
(/usr/local/texlive/2015/texmf-dist/tex/latex/ms/everyshi.sty
Package: everyshi 2001/05/15 v3.00 EveryShipout Package (MS)
))
(/usr/local/texlive/2015/texmf-dist/tex/generic/pgf/utilities/pgfrcs.code.tex
Package: pgfrcs 2013/12/20 v3.0.0 (rcs-revision 1.28)
))
Package: pgf 2013/12/18 v3.0.0 (rcs-revision 1.14)
(/usr/local/texlive/2015/texmf-dist/tex/latex/pgf/basiclayer/pgfcore.sty
(/usr/local/texlive/2015/texmf-dist/tex/latex/pgf/systemlayer/pgfsys.sty
(/usr/local/texlive/2015/texmf-dist/tex/generic/pgf/systemlayer/pgfsys.code.tex
Package: pgfsys 2013/11/30 v3.0.0 (rcs-revision 1.47)
(/usr/local/texlive/2015/texmf-dist/tex/generic/pgf/utilities/pgfkeys.code.tex
\pgfkeys@pathtoks=\toks20
\pgfkeys@temptoks=\toks21

(/usr/local/texlive/2015/texmf-dist/tex/generic/pgf/utilities/pgfkeysfiltered.c
ode.tex
\pgfkeys@tmptoks=\toks22
))
\pgf@x=\dimen142
\pgf@y=\dimen143
\pgf@xa=\dimen144
\pgf@ya=\dimen145
\pgf@xb=\dimen146
\pgf@yb=\dimen147
\pgf@xc=\dimen148
\pgf@yc=\dimen149
\w@pgf@writea=\write3
\r@pgf@reada=\read1
\c@pgf@counta=\count119
\c@pgf@countb=\count120
\c@pgf@countc=\count121
\c@pgf@countd=\count122
\t@pgf@toka=\toks23
\t@pgf@tokb=\toks24
\t@pgf@tokc=\toks25

(/usr/local/texlive/2015/texmf-dist/tex/generic/pgf/systemlayer/pgf.cfg
File: pgf.cfg 2008/05/14  (rcs-revision 1.7)
)
Driver file for pgf: pgfsys-pdftex.def

(/usr/local/texlive/2015/texmf-dist/tex/generic/pgf/systemlayer/pgfsys-pdftex.d
ef
File: pgfsys-pdftex.def 2013/07/18  (rcs-revision 1.33)

(/usr/local/texlive/2015/texmf-dist/tex/generic/pgf/systemlayer/pgfsys-common-p
df.def
File: pgfsys-common-pdf.def 2013/10/10  (rcs-revision 1.13)
)))
(/usr/local/texlive/2015/texmf-dist/tex/generic/pgf/systemlayer/pgfsyssoftpath.
code.tex
File: pgfsyssoftpath.code.tex 2013/09/09  (rcs-revision 1.9)
\pgfsyssoftpath@smallbuffer@items=\count123
\pgfsyssoftpath@bigbuffer@items=\count124
)
(/usr/local/texlive/2015/texmf-dist/tex/generic/pgf/systemlayer/pgfsysprotocol.
code.tex
File: pgfsysprotocol.code.tex 2006/10/16  (rcs-revision 1.4)
))
(/usr/local/texlive/2015/texmf-dist/tex/generic/pgf/basiclayer/pgfcore.code.tex
Package: pgfcore 2010/04/11 v3.0.0 (rcs-revision 1.7)
(/usr/local/texlive/2015/texmf-dist/tex/generic/pgf/math/pgfmath.code.tex
(/usr/local/texlive/2015/texmf-dist/tex/generic/pgf/math/pgfmathcalc.code.tex
(/usr/local/texlive/2015/texmf-dist/tex/generic/pgf/math/pgfmathutil.code.tex)
(/usr/local/texlive/2015/texmf-dist/tex/generic/pgf/math/pgfmathparser.code.tex
\pgfmath@dimen=\dimen150
\pgfmath@count=\count125
\pgfmath@box=\box31
\pgfmath@toks=\toks26
\pgfmath@stack@operand=\toks27
\pgfmath@stack@operation=\toks28
)
(/usr/local/texlive/2015/texmf-dist/tex/generic/pgf/math/pgfmathfunctions.code.
tex
(/usr/local/texlive/2015/texmf-dist/tex/generic/pgf/math/pgfmathfunctions.basic
.code.tex)
(/usr/local/texlive/2015/texmf-dist/tex/generic/pgf/math/pgfmathfunctions.trigo
nometric.code.tex)
(/usr/local/texlive/2015/texmf-dist/tex/generic/pgf/math/pgfmathfunctions.rando
m.code.tex)
(/usr/local/texlive/2015/texmf-dist/tex/generic/pgf/math/pgfmathfunctions.compa
rison.code.tex)
(/usr/local/texlive/2015/texmf-dist/tex/generic/pgf/math/pgfmathfunctions.base.
code.tex)
(/usr/local/texlive/2015/texmf-dist/tex/generic/pgf/math/pgfmathfunctions.round
.code.tex)
(/usr/local/texlive/2015/texmf-dist/tex/generic/pgf/math/pgfmathfunctions.misc.
code.tex)
(/usr/local/texlive/2015/texmf-dist/tex/generic/pgf/math/pgfmathfunctions.integ
erarithmetics.code.tex)))
(/usr/local/texlive/2015/texmf-dist/tex/generic/pgf/math/pgfmathfloat.code.tex
\c@pgfmathroundto@lastzeros=\count126
))
(/usr/local/texlive/2015/texmf-dist/tex/generic/pgf/basiclayer/pgfcorepoints.co
de.tex
File: pgfcorepoints.code.tex 2013/10/07  (rcs-revision 1.27)
\pgf@picminx=\dimen151
\pgf@picmaxx=\dimen152
\pgf@picminy=\dimen153
\pgf@picmaxy=\dimen154
\pgf@pathminx=\dimen155
\pgf@pathmaxx=\dimen156
\pgf@pathminy=\dimen157
\pgf@pathmaxy=\dimen158
\pgf@xx=\dimen159
\pgf@xy=\dimen160
\pgf@yx=\dimen161
\pgf@yy=\dimen162
\pgf@zx=\dimen163
\pgf@zy=\dimen164
)
(/usr/local/texlive/2015/texmf-dist/tex/generic/pgf/basiclayer/pgfcorepathconst
ruct.code.tex
File: pgfcorepathconstruct.code.tex 2013/10/07  (rcs-revision 1.29)
\pgf@path@lastx=\dimen165
\pgf@path@lasty=\dimen166
)
(/usr/local/texlive/2015/texmf-dist/tex/generic/pgf/basiclayer/pgfcorepathusage
.code.tex
File: pgfcorepathusage.code.tex 2013/12/13  (rcs-revision 1.23)
\pgf@shorten@end@additional=\dimen167
\pgf@shorten@start@additional=\dimen168
)
(/usr/local/texlive/2015/texmf-dist/tex/generic/pgf/basiclayer/pgfcorescopes.co
de.tex
File: pgfcorescopes.code.tex 2013/10/09  (rcs-revision 1.44)
\pgfpic=\box32
\pgf@hbox=\box33
\pgf@layerbox@main=\box34
\pgf@picture@serial@count=\count127
)
(/usr/local/texlive/2015/texmf-dist/tex/generic/pgf/basiclayer/pgfcoregraphicst
ate.code.tex
File: pgfcoregraphicstate.code.tex 2013/09/19  (rcs-revision 1.11)
\pgflinewidth=\dimen169
)
(/usr/local/texlive/2015/texmf-dist/tex/generic/pgf/basiclayer/pgfcoretransform
ations.code.tex
File: pgfcoretransformations.code.tex 2013/10/10  (rcs-revision 1.17)
\pgf@pt@x=\dimen170
\pgf@pt@y=\dimen171
\pgf@pt@temp=\dimen172
)
(/usr/local/texlive/2015/texmf-dist/tex/generic/pgf/basiclayer/pgfcorequick.cod
e.tex
File: pgfcorequick.code.tex 2008/10/09  (rcs-revision 1.3)
)
(/usr/local/texlive/2015/texmf-dist/tex/generic/pgf/basiclayer/pgfcoreobjects.c
ode.tex
File: pgfcoreobjects.code.tex 2006/10/11  (rcs-revision 1.2)
)
(/usr/local/texlive/2015/texmf-dist/tex/generic/pgf/basiclayer/pgfcorepathproce
ssing.code.tex
File: pgfcorepathprocessing.code.tex 2013/09/09  (rcs-revision 1.9)
)
(/usr/local/texlive/2015/texmf-dist/tex/generic/pgf/basiclayer/pgfcorearrows.co
de.tex
File: pgfcorearrows.code.tex 2013/11/07  (rcs-revision 1.40)
\pgfarrowsep=\dimen173
)
(/usr/local/texlive/2015/texmf-dist/tex/generic/pgf/basiclayer/pgfcoreshade.cod
e.tex
File: pgfcoreshade.code.tex 2013/07/15  (rcs-revision 1.15)
\pgf@max=\dimen174
\pgf@sys@shading@range@num=\count128
)
(/usr/local/texlive/2015/texmf-dist/tex/generic/pgf/basiclayer/pgfcoreimage.cod
e.tex
File: pgfcoreimage.code.tex 2013/07/15  (rcs-revision 1.18)

(/usr/local/texlive/2015/texmf-dist/tex/generic/pgf/basiclayer/pgfcoreexternal.
code.tex
File: pgfcoreexternal.code.tex 2013/07/15  (rcs-revision 1.20)
\pgfexternal@startupbox=\box35
))
(/usr/local/texlive/2015/texmf-dist/tex/generic/pgf/basiclayer/pgfcorelayers.co
de.tex
File: pgfcorelayers.code.tex 2013/07/18  (rcs-revision 1.7)
)
(/usr/local/texlive/2015/texmf-dist/tex/generic/pgf/basiclayer/pgfcoretranspare
ncy.code.tex
File: pgfcoretransparency.code.tex 2013/09/30  (rcs-revision 1.5)
)
(/usr/local/texlive/2015/texmf-dist/tex/generic/pgf/basiclayer/pgfcorepatterns.
code.tex
File: pgfcorepatterns.code.tex 2013/11/07  (rcs-revision 1.5)
)))
(/usr/local/texlive/2015/texmf-dist/tex/generic/pgf/modules/pgfmoduleshapes.cod
e.tex
File: pgfmoduleshapes.code.tex 2013/10/31  (rcs-revision 1.34)
\pgfnodeparttextbox=\box36
)
(/usr/local/texlive/2015/texmf-dist/tex/generic/pgf/modules/pgfmoduleplot.code.
tex
File: pgfmoduleplot.code.tex 2013/07/31  (rcs-revision 1.12)
)
(/usr/local/texlive/2015/texmf-dist/tex/latex/pgf/compatibility/pgfcomp-version
-0-65.sty
Package: pgfcomp-version-0-65 2007/07/03 v3.0.0 (rcs-revision 1.7)
\pgf@nodesepstart=\dimen175
\pgf@nodesepend=\dimen176
)
(/usr/local/texlive/2015/texmf-dist/tex/latex/pgf/compatibility/pgfcomp-version
-1-18.sty
Package: pgfcomp-version-1-18 2007/07/23 v3.0.0 (rcs-revision 1.1)
))
(/usr/local/texlive/2015/texmf-dist/tex/latex/pgf/utilities/pgffor.sty
(/usr/local/texlive/2015/texmf-dist/tex/latex/pgf/utilities/pgfkeys.sty
(/usr/local/texlive/2015/texmf-dist/tex/generic/pgf/utilities/pgfkeys.code.tex)
) (/usr/local/texlive/2015/texmf-dist/tex/latex/pgf/math/pgfmath.sty
(/usr/local/texlive/2015/texmf-dist/tex/generic/pgf/math/pgfmath.code.tex))
(/usr/local/texlive/2015/texmf-dist/tex/generic/pgf/utilities/pgffor.code.tex
Package: pgffor 2013/12/13 v3.0.0 (rcs-revision 1.25)

(/usr/local/texlive/2015/texmf-dist/tex/generic/pgf/math/pgfmath.code.tex)
\pgffor@iter=\dimen177
\pgffor@skip=\dimen178
\pgffor@stack=\toks29
\pgffor@toks=\toks30
))
(/usr/local/texlive/2015/texmf-dist/tex/generic/pgf/frontendlayer/tikz/tikz.cod
e.tex
Package: tikz 2013/12/13 v3.0.0 (rcs-revision 1.142)

(/usr/local/texlive/2015/texmf-dist/tex/generic/pgf/libraries/pgflibraryplothan
dlers.code.tex
File: pgflibraryplothandlers.code.tex 2013/08/31 v3.0.0 (rcs-revision 1.20)
\pgf@plot@mark@count=\count129
\pgfplotmarksize=\dimen179
)
\tikz@lastx=\dimen180
\tikz@lasty=\dimen181
\tikz@lastxsaved=\dimen182
\tikz@lastysaved=\dimen183
\tikzleveldistance=\dimen184
\tikzsiblingdistance=\dimen185
\tikz@figbox=\box37
\tikz@figbox@bg=\box38
\tikz@tempbox=\box39
\tikz@tempbox@bg=\box40
\tikztreelevel=\count130
\tikznumberofchildren=\count131
\tikznumberofcurrentchild=\count132
\tikz@fig@count=\count133

(/usr/local/texlive/2015/texmf-dist/tex/generic/pgf/modules/pgfmodulematrix.cod
e.tex
File: pgfmodulematrix.code.tex 2013/09/17  (rcs-revision 1.8)
\pgfmatrixcurrentrow=\count134
\pgfmatrixcurrentcolumn=\count135
\pgf@matrix@numberofcolumns=\count136
)
\tikz@expandcount=\count137

(/usr/local/texlive/2015/texmf-dist/tex/generic/pgf/frontendlayer/tikz/librarie
s/tikzlibrarytopaths.code.tex
File: tikzlibrarytopaths.code.tex 2008/06/17 v3.0.0 (rcs-revision 1.2)
)))
(/usr/local/texlive/2015/texmf-dist/tex/latex/tikz-qtree/tikz-qtree.sty
(/usr/local/texlive/2015/texmf-dist/tex/latex/tikz-qtree/pgftree.sty
(/usr/local/texlive/2015/texmf-dist/tex/latex/tikz-qtree/pgfsubpic.sty
(/usr/local/texlive/2015/texmf-dist/tex/latex/tikz-qtree/pgfsubpic.tex
\pgf@subpicminx=\dimen186
\pgf@subpicminy=\dimen187
\pgf@subpicmaxx=\dimen188
\pgf@subpicmaxy=\dimen189
))
(/usr/local/texlive/2015/texmf-dist/tex/latex/tikz-qtree/pgftree.tex
\levelsep=\dimen190
\subtreesep=\dimen191
\smuggle@levelsep=\dimen192
\smuggle@subtreesep=\dimen193
\this@levelsep=\dimen194
\this@subtreesep=\dimen195
\pgftree@childx=\dimen196
\pgftree@savechildx=\dimen197
\pgftree@childy=\dimen198
\pgftree@savechildy=\dimen199
\pgftree@childi=\count138
\pgftree@savechildi=\count139
\pgftree@level=\count140
\pgftree@depth=\dimen200
\pgf@subpic@hbox@children=\box41
\pgf@subpic@minx@children=\dimen201
\pgf@subpic@miny@children=\dimen202
\pgf@subpic@maxx@children=\dimen203
\pgf@subpic@maxy@children=\dimen204
\pgftree@lastchildx=\dimen205
\pgftree@lastchildy=\dimen206
))
(/usr/local/texlive/2015/texmf-dist/tex/latex/tikz-qtree/tikz-qtree.tex
\@result=\toks31
\child@list=\toks32
\root@node=\toks33
))
(/usr/local/texlive/2015/texmf-dist/tex/latex/caption/caption.sty
Package: caption 2013/05/02 v3.3-89 Customizing captions (AR)

(/usr/local/texlive/2015/texmf-dist/tex/latex/caption/caption3.sty
Package: caption3 2013/05/02 v1.6-88 caption3 kernel (AR)
Package caption3 Info: TeX engine: e-TeX on input line 57.
\captionmargin=\dimen207
\captionmargin@=\dimen208
\captionwidth=\dimen209
\caption@tempdima=\dimen210
\caption@indent=\dimen211
\caption@parindent=\dimen212
\caption@hangindent=\dimen213
)
\c@ContinuedFloat=\count141
Package caption Info: hyperref package is loaded.
)
(/usr/local/texlive/2015/texmf-dist/tex/latex/base/makeidx.sty
Package: makeidx 2014/09/29 v1.0m Standard LaTeX package
)
\@indexfile=\write4
\openout4 = `Memoire_Morvan_Josselin.idx'.


Writing index file Memoire_Morvan_Josselin.idx
(/usr/local/texlive/2015/texmf-dist/tex/latex/biblatex/biblatex.sty
Package: biblatex 2015/04/19 v3.0 programmable bibliographies (PK/JW/AB)

(/usr/local/texlive/2015/texmf-dist/tex/latex/biblatex/biblatex2.sty
Package: biblatex2 2015/04/19 v3.0 programmable bibliographies (biber) (PK/JW/A
B)

(/usr/local/texlive/2015/texmf-dist/tex/latex/logreq/logreq.sty
Package: logreq 2010/08/04 v1.0 xml request logger
\lrq@indent=\count142

(/usr/local/texlive/2015/texmf-dist/tex/latex/logreq/logreq.def
File: logreq.def 2010/08/04 v1.0 logreq spec v1.0
))
\c@tabx@nest=\count143
\c@listtotal=\count144
\c@listcount=\count145
\c@liststart=\count146
\c@liststop=\count147
\c@citecount=\count148
\c@citetotal=\count149
\c@multicitecount=\count150
\c@multicitetotal=\count151
\c@instcount=\count152
\c@maxnames=\count153
\c@minnames=\count154
\c@maxitems=\count155
\c@minitems=\count156
\c@citecounter=\count157
\c@savedcitecounter=\count158
\c@uniquelist=\count159
\c@uniquename=\count160
\c@refsection=\count161
\c@refsegment=\count162
\c@maxextratitle=\count163
\c@maxextratitleyear=\count164
\c@maxextrayear=\count165
\c@maxextraalpha=\count166
\c@abbrvpenalty=\count167
\c@highnamepenalty=\count168
\c@lownamepenalty=\count169
\c@maxparens=\count170
\c@parenlevel=\count171
\blx@tempcnta=\count172
\blx@tempcntb=\count173
\blx@tempcntc=\count174
\blx@maxsection=\count175
\blx@maxsegment@0=\count176
\blx@notetype=\count177
\blx@parenlevel@text=\count178
\blx@parenlevel@foot=\count179
\blx@sectionciteorder@0=\count180
\labelnumberwidth=\skip53
\labelalphawidth=\skip54
\biblabelsep=\skip55
\bibitemsep=\skip56
\bibnamesep=\skip57
\bibinitsep=\skip58
\bibparsep=\skip59
\bibhang=\skip60
\blx@bcfin=\read2
\blx@bcfout=\write5
\c@mincomprange=\count181
\c@maxcomprange=\count182
\c@mincompwidth=\count183
Package biblatex Info: Trying to load biblatex default data model...
Package biblatex Info: ... file 'blx-dm.def' found.

(/usr/local/texlive/2015/texmf-dist/tex/latex/biblatex/blx-dm.def)
Package biblatex Info: Trying to load biblatex style data model...
Package biblatex Info: ... file 'ENC.dbx' not found.
Package biblatex Info: Trying to load biblatex custom data model...
Package biblatex Info: ... file 'biblatex-dm.cfg' not found.
\c@afterword=\count184
\c@savedafterword=\count185
\c@annotator=\count186
\c@savedannotator=\count187
\c@author=\count188
\c@savedauthor=\count189
\c@bookauthor=\count190
\c@savedbookauthor=\count191
\c@commentator=\count192
\c@savedcommentator=\count193
\c@editor=\count194
\c@savededitor=\count195
\c@editora=\count196
\c@savededitora=\count197
\c@editorb=\count198
\c@savededitorb=\count199
\c@editorc=\count200
\c@savededitorc=\count201
\c@foreword=\count202
\c@savedforeword=\count203
\c@holder=\count204
\c@savedholder=\count205
\c@introduction=\count206
\c@savedintroduction=\count207
\c@namea=\count208
\c@savednamea=\count209
\c@nameb=\count210
\c@savednameb=\count211
\c@namec=\count212
\c@savednamec=\count213
\c@translator=\count214
\c@savedtranslator=\count215
\c@shortauthor=\count216
\c@savedshortauthor=\count217
\c@shorteditor=\count218
\c@savedshorteditor=\count219
\c@labelname=\count220
\c@savedlabelname=\count221
\c@institution=\count222
\c@savedinstitution=\count223
\c@lista=\count224
\c@savedlista=\count225
\c@listb=\count226
\c@savedlistb=\count227
\c@listc=\count228
\c@savedlistc=\count229
\c@listd=\count230
\c@savedlistd=\count231
\c@liste=\count232
\c@savedliste=\count233
\c@listf=\count266
\c@savedlistf=\count267
\c@location=\count268
\c@savedlocation=\count269
\c@organization=\count270
\c@savedorganization=\count271
\c@origlocation=\count272
\c@savedoriglocation=\count273
\c@origpublisher=\count274
\c@savedorigpublisher=\count275
\c@publisher=\count276
\c@savedpublisher=\count277
\c@language=\count278
\c@savedlanguage=\count279
\c@pageref=\count280
\c@savedpageref=\count281
\shorthandwidth=\skip61
\shortjournalwidth=\skip62
\shortserieswidth=\skip63
\shorttitlewidth=\skip64
\shortauthorwidth=\skip65
\shorteditorwidth=\skip66
Package biblatex Info: Trying to load compatibility code...
Package biblatex Info: ... file 'blx-compat.def' found.

(/usr/local/texlive/2015/texmf-dist/tex/latex/biblatex/blx-compat.def
File: blx-compat.def 2015/04/19 v3.0 biblatex compatibility (PK/JW/AB)
)
Package biblatex Info: Trying to load generic definitions...
Package biblatex Info: ... file 'biblatex.def' found.

(/usr/local/texlive/2015/texmf-dist/tex/latex/biblatex/biblatex.def
File: biblatex.def 
\c@textcitecount=\count282
\c@textcitetotal=\count283
\c@textcitemaxnames=\count284
\c@biburlnumpenalty=\count285
\c@biburlucpenalty=\count286
\c@biburllcpenalty=\count287
\c@smartand=\count288
)
Package biblatex Info: Trying to load bibliography style 'ENC'...
Package biblatex Info: ... file 'ENC.bbx' found.
 (./ENC.bbx
File: enc.bbx 
)
Package biblatex Info: Trying to load citation style 'ENC'...
Package biblatex Info: ... file 'ENC.cbx' found.
 (./ENC.cbx
File: ENC.cbx 
Package biblatex Info: Redefining '\cite'.
Package biblatex Info: Redefining '\textcite'.
Package biblatex Info: Redefining '\parencite'.
Package biblatex Info: Redefining '\footcite'.
)
Package biblatex Info: Trying to load configuration file...
Package biblatex Info: ... file 'biblatex.cfg' found.

(/usr/local/texlive/2015/texmf-dist/tex/latex/biblatex/biblatex.cfg
File: biblatex.cfg 
)))
(/usr/local/texlive/2015/texmf-dist/tex/latex/csquotes/csquotes.sty
Package: csquotes 2015/04/15 v5.1e context-sensitive quotations (JAW)
\csq@reset=\count289
\csq@gtype=\count290
\csq@glevel=\count291
\csq@qlevel=\count292
\csq@maxlvl=\count293
\csq@tshold=\count294
\csq@ltx@everypar=\toks34

(/usr/local/texlive/2015/texmf-dist/tex/latex/csquotes/csquotes.def
File: csquotes.def 2015/04/15 v5.1e csquotes generic definitions (JAW)
)
Package csquotes Info: Trying to load configuration file 'csquotes.cfg'...
Package csquotes Info: ... configuration file loaded successfully.

(/usr/local/texlive/2015/texmf-dist/tex/latex/csquotes/csquotes.cfg
File: csquotes.cfg 
)
Package csquotes Info: Option 'babel' depreciated.
(csquotes)             Using 'autostyle'.
Package csquotes Info: Enabling multilingual quotes.
)
(/usr/local/texlive/2015/texmf-dist/tex/latex/oberdiek/listingsutf8.sty
Package: listingsutf8 2011/11/10 v1.2 Allow UTF-8 in listings input (HO)

(/usr/local/texlive/2015/texmf-dist/tex/latex/listings/listings.sty
\lst@mode=\count295
\lst@gtempboxa=\box42
\lst@token=\toks35
\lst@length=\count296
\lst@currlwidth=\dimen214
\lst@column=\count297
\lst@pos=\count298
\lst@lostspace=\dimen215
\lst@width=\dimen216
\lst@newlines=\count299
\lst@lineno=\count300
\lst@maxwidth=\dimen217

(/usr/local/texlive/2015/texmf-dist/tex/latex/listings/lstmisc.sty
File: lstmisc.sty 2014/09/06 1.5e (Carsten Heinz)
\c@lstnumber=\count301
\lst@skipnumbers=\count302
\lst@framebox=\box43
)
(/usr/local/texlive/2015/texmf-dist/tex/latex/listings/listings.cfg
File: listings.cfg 2014/09/06 1.5e listings configuration
))
Package: listings 2014/09/06 1.5e (Carsten Heinz)

(/usr/local/texlive/2015/texmf-dist/tex/generic/oberdiek/stringenc.sty
Package: stringenc 2011/12/02 v1.10 Convert strings between diff. encodings (HO
)
))
Package biblatex Info: Trying to load language 'french'...
Package biblatex Info: ... file 'french.lbx' found.

(/usr/local/texlive/2015/texmf-dist/tex/latex/biblatex/lbx/french.lbx
File: french.lbx 2015/04/19 v3.0 biblatex localization (PK/JW/AB)
)
Package csquotes Info: Checking for multilingual support...
Package csquotes Info: ... found 'babel' package.

(./Memoire_Morvan_Josselin.aux
Package biblatex Info: Trying to load language 'english'...
Package biblatex Info: ... file 'english.lbx' found.

(/usr/local/texlive/2015/texmf-dist/tex/latex/biblatex/lbx/english.lbx
File: english.lbx 2015/04/19 v3.0 biblatex localization (PK/JW/AB)
))
\openout1 = `Memoire_Morvan_Josselin.aux'.

LaTeX Font Info:    Checking defaults for OML/cmm/m/it on input line 122.
LaTeX Font Info:    ... okay on input line 122.
LaTeX Font Info:    Checking defaults for T1/cmr/m/n on input line 122.
LaTeX Font Info:    ... okay on input line 122.
LaTeX Font Info:    Checking defaults for OT1/cmr/m/n on input line 122.
LaTeX Font Info:    ... okay on input line 122.
LaTeX Font Info:    Checking defaults for OMS/cmsy/m/n on input line 122.
LaTeX Font Info:    ... okay on input line 122.
LaTeX Font Info:    Checking defaults for OMX/cmex/m/n on input line 122.
LaTeX Font Info:    ... okay on input line 122.
LaTeX Font Info:    Checking defaults for U/cmr/m/n on input line 122.
LaTeX Font Info:    ... okay on input line 122.
LaTeX Font Info:    Checking defaults for PD1/pdf/m/n on input line 122.
LaTeX Font Info:    ... okay on input line 122.
LaTeX Font Info:    Try loading font information for T1+pnc on input line 122.

(/usr/local/texlive/2015/texmf-dist/tex/latex/psnfss/t1pnc.fd
File: t1pnc.fd 2001/06/04 font definitions for T1/pnc.
)
*geometry* driver: auto-detecting
*geometry* detected driver: pdftex
*geometry* verbose mode - [ preamble ] result:
* driver: pdftex
* paper: a4paper
* layout: <same size as paper>
* layoutoffset:(h,v)=(0.0pt,0.0pt)
* modes: twoside 
* h-part:(L,W,R)=(71.13188pt, 455.24411pt, 71.13188pt)
* v-part:(T,H,B)=(71.13188pt, 702.78308pt, 71.13188pt)
* \paperwidth=597.50787pt
* \paperheight=845.04684pt
* \textwidth=455.24411pt
* \textheight=702.78308pt
* \oddsidemargin=-1.1381pt
* \evensidemargin=-1.1381pt
* \topmargin=-33.0119pt
* \headheight=12.0pt
* \headsep=19.8738pt
* \topskip=12.0pt
* \footskip=30.0pt
* \marginparwidth=88.0pt
* \marginparsep=7.0pt
* \columnsep=10.0pt
* \skip\footins=10.8pt plus 4.0pt minus 2.0pt
* \hoffset=0.0pt
* \voffset=0.0pt
* \mag=1000
* \@twocolumnfalse
* \@twosidetrue
* \@mparswitchtrue
* \@reversemarginfalse
* (1in=72.27pt=25.4mm, 1cm=28.453pt)

\AtBeginShipoutBox=\box44
Package hyperref Info: Link coloring ON on input line 122.
(/usr/local/texlive/2015/texmf-dist/tex/latex/hyperref/nameref.sty
Package: nameref 2012/10/27 v2.43 Cross-referencing by name of section

(/usr/local/texlive/2015/texmf-dist/tex/generic/oberdiek/gettitlestring.sty
Package: gettitlestring 2010/12/03 v1.4 Cleanup title references (HO)
)
\c@section@level=\count303
)
LaTeX Info: Redefining \ref on input line 122.
LaTeX Info: Redefining \pageref on input line 122.
LaTeX Info: Redefining \nameref on input line 122.

(./Memoire_Morvan_Josselin.out) (./Memoire_Morvan_Josselin.out)
\@outlinefile=\write6
\openout6 = `Memoire_Morvan_Josselin.out'.

LaTeX Info: Redefining \it@ocap on input line 122.
LaTeX Info: Redefining \it@ccap on input line 122.
LaTeX Info: Redefining \degres on input line 122.
LaTeX Info: Redefining \dots on input line 122.
LaTeX Info: Redefining \up on input line 122.

(/usr/local/texlive/2015/texmf-dist/tex/context/base/supp-pdf.mkii
[Loading MPS to PDF converter (version 2006.09.02).]
\scratchcounter=\count304
\scratchdimen=\dimen218
\scratchbox=\box45
\nofMPsegments=\count305
\nofMParguments=\count306
\everyMPshowfont=\toks36
\MPscratchCnt=\count307
\MPscratchDim=\dimen219
\MPnumerator=\count308
\makeMPintoPDFobject=\count309
\everyMPtoPDFconversion=\toks37
) (/usr/local/texlive/2015/texmf-dist/tex/latex/oberdiek/epstopdf-base.sty
Package: epstopdf-base 2010/02/09 v2.5 Base part for package epstopdf

(/usr/local/texlive/2015/texmf-dist/tex/latex/oberdiek/grfext.sty
Package: grfext 2010/08/19 v1.1 Manage graphics extensions (HO)
)
Package grfext Info: Graphics extension search list:
(grfext)             [.png,.pdf,.jpg,.mps,.jpeg,.jbig2,.jb2,.PNG,.PDF,.JPG,.JPE
G,.JBIG2,.JB2,.eps]
(grfext)             \AppendGraphicsExtensions on input line 452.

(/usr/local/texlive/2015/texmf-dist/tex/latex/latexconfig/epstopdf-sys.cfg
File: epstopdf-sys.cfg 2010/07/13 v1.3 Configuration of (r)epstopdf for TeX Liv
e
))
ABD: EveryShipout initializing macros
Package caption Info: Begin \AtBeginDocument code.
Package caption Info: listings package is loaded.
Package caption Info: End \AtBeginDocument code.
Package biblatex Info: Input encoding 'utf8' detected.
Package biblatex Info: Automatic encoding selection.
(biblatex)             Assuming data encoding 'utf8'.
\openout5 = `Memoire_Morvan_Josselin.bcf'.

Package biblatex Info: Trying to load bibliographic data...
Package biblatex Info: ... file 'Memoire_Morvan_Josselin.bbl' found.
 (./Memoire_Morvan_Josselin.bbl)
Package biblatex Info: Reference section=0 on input line 122.
Package biblatex Info: Reference segment=0 on input line 122.
\c@lstlisting=\count310
LaTeX Font Info:    Font shape `T1/pnc/bx/n' in size <17.28> not available
(Font)              Font shape `T1/pnc/b/n' tried instead on input line 142.
LaTeX Font Info:    Font shape `T1/pnc/bx/n' in size <24.88> not available
(Font)              Font shape `T1/pnc/b/n' tried instead on input line 153.
LaTeX Font Info:    Font shape `T1/pnc/bx/n' in size <20.74> not available
(Font)              Font shape `T1/pnc/b/n' tried instead on input line 159.
 [1



{/usr/local/texlive/2015/texmf-var/fonts/map/pdftex/updmap/pdftex.map}] [2

]
LaTeX Font Info:    Font shape `T1/pnc/bx/n' in size <12> not available
(Font)              Font shape `T1/pnc/b/n' tried instead on input line 194.
LaTeX Font Info:    Try loading font information for T1+pcr on input line 198.

(/usr/local/texlive/2015/texmf-dist/tex/latex/psnfss/t1pcr.fd
File: t1pcr.fd 2001/06/04 font definitions for T1/pcr.
)
LaTeX Font Info:    External font `cmex10' loaded for size
(Font)              <12> on input line 198.
LaTeX Font Info:    External font `cmex10' loaded for size
(Font)              <8> on input line 198.
LaTeX Font Info:    External font `cmex10' loaded for size
(Font)              <6> on input line 198.

Overfull \hbox (11.94926pt too wide) in paragraph at lines 198--199
[]\T1/pnc/b/n/12 Avertissement : \T1/pnc/m/n/12 ce mé-moire est ac-com-pa-gné d
'un ap-pen-dice nu-mé-rique consul-
 []

[3] [4] [5


] [6


]
LaTeX Font Info:    External font `cmex10' loaded for size
(Font)              <7> on input line 229.
LaTeX Font Info:    External font `cmex10' loaded for size
(Font)              <5> on input line 229.
LaTeX Font Info:    External font `cmex10' loaded for size
(Font)              <17.28> on input line 231.
 [7

]
Overfull \hbox (11.71033pt too wide) in paragraph at lines 237--237
[][]\T1/pnc/b/n/17.28 Un pro-jet d'édi-tion élec-tro-nique de cor-res-pon-dance
s 
 []

[8] [9] [10


]
Overfull \hbox (24.42271pt too wide) in paragraph at lines 261--261
\T1/pcr/m/n/12 kantl . be / seminar / 01 -[] 02 / seminar -[] debusschere . htm
$[][] \T1/pnc/m/n/12 (vi-sité le 27/08/2015). 
 []


Overfull \hbox (19.14519pt too wide) in paragraph at lines 261--261
[][][]\T1/pnc/m/sc/12 Desenclos []\T1/pnc/m/n/12 (Ca-mille), \T1/pnc/m/it/12 Éd
i-tion de cor-res-pon-dances\T1/pnc/m/n/12 , \T1/pnc/m/sc/12 url \T1/pnc/m/n/12
 : [][]$\T1/pcr/m/n/12 http : / / developpements .
 []


Overfull \hbox (1.82272pt too wide) in paragraph at lines 261--261
\T1/pcr/m/n/12 enc . sorbonne . fr / diple / schema / correspondance$[][] \T1/p
nc/m/n/12 (vi-sité le 28/05/2015). 
 []

[11

]
Overfull \hbox (3.04753pt too wide) in paragraph at lines 261--261
[][][]\T1/pnc/m/sc/12 Doménach []\T1/pnc/m/n/12 (Jean-Luc), []\T1/pnc/m/sc/12 K
loosterman []\T1/pnc/m/n/12 (Jaap), []\T1/pnc/m/sc/12 Crémieux-Brilhac []\T1/pn
c/m/n/12 (Jean-Louis),
 []

[12] [13] [14

] [1

] [2]
Chapitre 1.
LaTeX Font Info:    Font shape `T1/pnc/bx/n' in size <14.4> not available
(Font)              Font shape `T1/pnc/b/n' tried instead on input line 273.
[3

] [4] [5]
Overfull \hbox (14.66058pt too wide) in paragraph at lines 303--304
[]\T1/pnc/m/n/12 Concernant les textes contem-po-rains, ces conven-tions ont ét
é ré-cem-ment réunies
 []

[6] [7] [8] [9] [10

]
Chapitre 2.
[11] [12] [13] [14] [15] [16

] [17] [18]
Chapitre 3.
[19

]
Underfull \vbox (badness 5622) has occurred while \output is active []


Overfull \hbox (33.66267pt too wide) has occurred while \output is active
\T1/pnc/m/n/12 20 \T1/pnc/m/sl/12 CHAPITRE 3.  RAPPELS GÉNÉRAUX ET NOTIONS DE C
ORPUS ÉLECTRONIQUE
 []

[20] [21]
Overfull \hbox (33.66267pt too wide) has occurred while \output is active
\T1/pnc/m/n/12 22 \T1/pnc/m/sl/12 CHAPITRE 3.  RAPPELS GÉNÉRAUX ET NOTIONS DE C
ORPUS ÉLECTRONIQUE
 []

[22] [23]
Overfull \hbox (33.66267pt too wide) has occurred while \output is active
\T1/pnc/m/n/12 24 \T1/pnc/m/sl/12 CHAPITRE 3.  RAPPELS GÉNÉRAUX ET NOTIONS DE C
ORPUS ÉLECTRONIQUE
 []

[24

]
Chapitre 4.
[25] [26] [27] [28] [29] [30] [31] [32] [33] [34] [35] [36] [37] [38] [39]
[40] [41] [42]
Overfull \hbox (7.71243pt too wide) in paragraph at lines 1010--1012
[]\T1/pnc/m/n/12 D'une ma-nière gé-né-rale les en-trées du texte, lors-qu'elles
 sont bien identifiées,---
 []

[43] [44] [45] [46] [47] [48

]
Chapitre 5.
[49] [50] [51]
Overfull \hbox (10.80663pt too wide) in paragraph at lines 1255--1256
\T1/pnc/m/n/12 com-por-tera toute la do-cu-men-ta-tion né-ces-saire à l'uti-li-
sa-tion du schéma qu'il contient. 
 []

[52] [53] [54] [55

] [56] [57] [58

]
Chapitre 6.
[59] [60] [61] [62] [63] [64]
Chapitre 7.
[65

] [66

]
Chapitre 8.
[67]
LaTeX Font Info:    Try loading font information for OMS+pcr on input line 1543
.
 (/usr/local/texlive/2015/texmf-dist/tex/latex/psnfss/omspcr.fd
File: omspcr.fd 
)
LaTeX Font Info:    Font shape `OMS/pcr/m/n' in size <12> not available
(Font)              Font shape `OMS/cmsy/m/n' tried instead on input line 1543.


Underfull \vbox (badness 1527) has occurred while \output is active []

 [68]
[69] [70]
Underfull \vbox (badness 1199) has occurred while \output is active []

 [71

]
[72] [73

] [74]
Annexe A.
<documentation_TEI.pdf, id=1428, 597.51233pt x 845.0471pt>
File: documentation_TEI.pdf Graphic file (type pdf)

<use documentation_TEI.pdf>
Package pdftex.def Info: documentation_TEI.pdf used on input line 1609.
(pdftex.def)             Requested size: 597.51086pt x 845.04504pt.
File: documentation_TEI.pdf Graphic file (type pdf)
 <use documentation_TEI.pdf>
Package pdftex.def Info: documentation_TEI.pdf used on input line 1609.
(pdftex.def)             Requested size: 597.51086pt x 845.04504pt.

<documentation_TEI.pdf, id=1431, page=1, 597.51233pt x 845.0471pt>
File: documentation_TEI.pdf Graphic file (type pdf)

<use documentation_TEI.pdf, page 1>
Package pdftex.def Info: documentation_TEI.pdf, page1 used on input line 1609.
(pdftex.def)             Requested size: 597.51086pt x 845.04504pt.
File: documentation_TEI.pdf Graphic file (type pdf)
 <use documentation_TEI.pdf, page 1>
Package pdftex.def Info: documentation_TEI.pdf, page1 used on input line 1609.
(pdftex.def)             Requested size: 597.53821pt x 845.08372pt.
File: documentation_TEI.pdf Graphic file (type pdf)

<use documentation_TEI.pdf, page 1>
Package pdftex.def Info: documentation_TEI.pdf, page1 used on input line 1609.
(pdftex.def)             Requested size: 597.53821pt x 845.08372pt.
File: documentation_TEI.pdf Graphic file (type pdf)
 <use documentation_TEI.pdf, page 1>
Package pdftex.def Info: documentation_TEI.pdf, page1 used on input line 1609.
(pdftex.def)             Requested size: 597.53821pt x 845.08372pt.

[75

] <documentation_TEI.pdf, id=1436, page=2, 597.51233pt x 845.0471pt>
File: documentation_TEI.pdf Graphic file (type pdf)

<use documentation_TEI.pdf, page 2>
Package pdftex.def Info: documentation_TEI.pdf, page2 used on input line 1609.
(pdftex.def)             Requested size: 597.53821pt x 845.08372pt.
File: documentation_TEI.pdf Graphic file (type pdf)
 <use documentation_TEI.pdf, page 2>
Package pdftex.def Info: documentation_TEI.pdf, page2 used on input line 1609.
(pdftex.def)             Requested size: 597.53821pt x 845.08372pt.
File: documentation_TEI.pdf Graphic file (type pdf)

<use documentation_TEI.pdf, page 1>
Package pdftex.def Info: documentation_TEI.pdf, page1 used on input line 1609.
(pdftex.def)             Requested size: 597.53821pt x 845.08372pt.
 [76 <./documentation_TEI.pdf>]
<documentation_TEI.pdf, id=1502, page=3, 597.51233pt x 845.0471pt>
File: documentation_TEI.pdf Graphic file (type pdf)

<use documentation_TEI.pdf, page 3>
Package pdftex.def Info: documentation_TEI.pdf, page3 used on input line 1609.
(pdftex.def)             Requested size: 597.53821pt x 845.08372pt.
File: documentation_TEI.pdf Graphic file (type pdf)
 <use documentation_TEI.pdf, page 3>
Package pdftex.def Info: documentation_TEI.pdf, page3 used on input line 1609.
(pdftex.def)             Requested size: 597.53821pt x 845.08372pt.
File: documentation_TEI.pdf Graphic file (type pdf)

<use documentation_TEI.pdf, page 2>
Package pdftex.def Info: documentation_TEI.pdf, page2 used on input line 1609.
(pdftex.def)             Requested size: 597.53821pt x 845.08372pt.
 [77 <./documentation_TEI.pdf>]
<documentation_TEI.pdf, id=1508, page=4, 597.51233pt x 845.0471pt>
File: documentation_TEI.pdf Graphic file (type pdf)

<use documentation_TEI.pdf, page 4>
Package pdftex.def Info: documentation_TEI.pdf, page4 used on input line 1609.
(pdftex.def)             Requested size: 597.53821pt x 845.08372pt.
File: documentation_TEI.pdf Graphic file (type pdf)
 <use documentation_TEI.pdf, page 4>
Package pdftex.def Info: documentation_TEI.pdf, page4 used on input line 1609.
(pdftex.def)             Requested size: 597.53821pt x 845.08372pt.
File: documentation_TEI.pdf Graphic file (type pdf)

<use documentation_TEI.pdf, page 3>
Package pdftex.def Info: documentation_TEI.pdf, page3 used on input line 1609.
(pdftex.def)             Requested size: 597.53821pt x 845.08372pt.
 [78 <./documentation_TEI.pdf>]
<documentation_TEI.pdf, id=1513, page=5, 597.51233pt x 845.0471pt>
File: documentation_TEI.pdf Graphic file (type pdf)

<use documentation_TEI.pdf, page 5>
Package pdftex.def Info: documentation_TEI.pdf, page5 used on input line 1609.
(pdftex.def)             Requested size: 597.53821pt x 845.08372pt.
File: documentation_TEI.pdf Graphic file (type pdf)
 <use documentation_TEI.pdf, page 5>
Package pdftex.def Info: documentation_TEI.pdf, page5 used on input line 1609.
(pdftex.def)             Requested size: 597.53821pt x 845.08372pt.
File: documentation_TEI.pdf Graphic file (type pdf)

<use documentation_TEI.pdf, page 4>
Package pdftex.def Info: documentation_TEI.pdf, page4 used on input line 1609.
(pdftex.def)             Requested size: 597.53821pt x 845.08372pt.
 [79 <./documentation_TEI.pdf>]
<documentation_TEI.pdf, id=1525, page=6, 597.51233pt x 845.0471pt>
File: documentation_TEI.pdf Graphic file (type pdf)

<use documentation_TEI.pdf, page 6>
Package pdftex.def Info: documentation_TEI.pdf, page6 used on input line 1609.
(pdftex.def)             Requested size: 597.53821pt x 845.08372pt.
File: documentation_TEI.pdf Graphic file (type pdf)
 <use documentation_TEI.pdf, page 6>
Package pdftex.def Info: documentation_TEI.pdf, page6 used on input line 1609.
(pdftex.def)             Requested size: 597.53821pt x 845.08372pt.
File: documentation_TEI.pdf Graphic file (type pdf)

<use documentation_TEI.pdf, page 5>
Package pdftex.def Info: documentation_TEI.pdf, page5 used on input line 1609.
(pdftex.def)             Requested size: 597.53821pt x 845.08372pt.
 [80 <./documentation_TEI.pdf>]
<documentation_TEI.pdf, id=1530, page=7, 597.51233pt x 845.0471pt>
File: documentation_TEI.pdf Graphic file (type pdf)

<use documentation_TEI.pdf, page 7>
Package pdftex.def Info: documentation_TEI.pdf, page7 used on input line 1609.
(pdftex.def)             Requested size: 597.53821pt x 845.08372pt.
File: documentation_TEI.pdf Graphic file (type pdf)
 <use documentation_TEI.pdf, page 7>
Package pdftex.def Info: documentation_TEI.pdf, page7 used on input line 1609.
(pdftex.def)             Requested size: 597.53821pt x 845.08372pt.
File: documentation_TEI.pdf Graphic file (type pdf)

<use documentation_TEI.pdf, page 6>
Package pdftex.def Info: documentation_TEI.pdf, page6 used on input line 1609.
(pdftex.def)             Requested size: 597.53821pt x 845.08372pt.
 [81 <./documentation_TEI.pdf>]
<documentation_TEI.pdf, id=1535, page=8, 597.51233pt x 845.0471pt>
File: documentation_TEI.pdf Graphic file (type pdf)

<use documentation_TEI.pdf, page 8>
Package pdftex.def Info: documentation_TEI.pdf, page8 used on input line 1609.
(pdftex.def)             Requested size: 597.53821pt x 845.08372pt.
File: documentation_TEI.pdf Graphic file (type pdf)
 <use documentation_TEI.pdf, page 8>
Package pdftex.def Info: documentation_TEI.pdf, page8 used on input line 1609.
(pdftex.def)             Requested size: 597.53821pt x 845.08372pt.
File: documentation_TEI.pdf Graphic file (type pdf)

<use documentation_TEI.pdf, page 7>
Package pdftex.def Info: documentation_TEI.pdf, page7 used on input line 1609.
(pdftex.def)             Requested size: 597.53821pt x 845.08372pt.
 [82 <./documentation_TEI.pdf>]
<documentation_TEI.pdf, id=1541, page=9, 597.51233pt x 845.0471pt>
File: documentation_TEI.pdf Graphic file (type pdf)

<use documentation_TEI.pdf, page 9>
Package pdftex.def Info: documentation_TEI.pdf, page9 used on input line 1609.
(pdftex.def)             Requested size: 597.53821pt x 845.08372pt.
File: documentation_TEI.pdf Graphic file (type pdf)
 <use documentation_TEI.pdf, page 9>
Package pdftex.def Info: documentation_TEI.pdf, page9 used on input line 1609.
(pdftex.def)             Requested size: 597.53821pt x 845.08372pt.
File: documentation_TEI.pdf Graphic file (type pdf)

<use documentation_TEI.pdf, page 8>
Package pdftex.def Info: documentation_TEI.pdf, page8 used on input line 1609.
(pdftex.def)             Requested size: 597.53821pt x 845.08372pt.
 [83 <./documentation_TEI.pdf>]
<documentation_TEI.pdf, id=1547, page=10, 597.51233pt x 845.0471pt>
File: documentation_TEI.pdf Graphic file (type pdf)

<use documentation_TEI.pdf, page 10>
Package pdftex.def Info: documentation_TEI.pdf, page10 used on input line 1609.

(pdftex.def)             Requested size: 597.53821pt x 845.08372pt.
File: documentation_TEI.pdf Graphic file (type pdf)
 <use documentation_TEI.pdf, page 10>
Package pdftex.def Info: documentation_TEI.pdf, page10 used on input line 1609.

(pdftex.def)             Requested size: 597.53821pt x 845.08372pt.
File: documentation_TEI.pdf Graphic file (type pdf)

<use documentation_TEI.pdf, page 9>
Package pdftex.def Info: documentation_TEI.pdf, page9 used on input line 1609.
(pdftex.def)             Requested size: 597.53821pt x 845.08372pt.
 [84 <./documentation_TEI.pdf>]
<documentation_TEI.pdf, id=1552, page=11, 597.51233pt x 845.0471pt>
File: documentation_TEI.pdf Graphic file (type pdf)

<use documentation_TEI.pdf, page 11>
Package pdftex.def Info: documentation_TEI.pdf, page11 used on input line 1609.

(pdftex.def)             Requested size: 597.53821pt x 845.08372pt.
File: documentation_TEI.pdf Graphic file (type pdf)
 <use documentation_TEI.pdf, page 11>
Package pdftex.def Info: documentation_TEI.pdf, page11 used on input line 1609.

(pdftex.def)             Requested size: 597.53821pt x 845.08372pt.
File: documentation_TEI.pdf Graphic file (type pdf)

<use documentation_TEI.pdf, page 10>
Package pdftex.def Info: documentation_TEI.pdf, page10 used on input line 1609.

(pdftex.def)             Requested size: 597.53821pt x 845.08372pt.
 [85 <./documentation_TEI.pdf>]
<documentation_TEI.pdf, id=1557, page=12, 597.51233pt x 845.0471pt>
File: documentation_TEI.pdf Graphic file (type pdf)

<use documentation_TEI.pdf, page 12>
Package pdftex.def Info: documentation_TEI.pdf, page12 used on input line 1609.

(pdftex.def)             Requested size: 597.53821pt x 845.08372pt.
File: documentation_TEI.pdf Graphic file (type pdf)
 <use documentation_TEI.pdf, page 12>
Package pdftex.def Info: documentation_TEI.pdf, page12 used on input line 1609.

(pdftex.def)             Requested size: 597.53821pt x 845.08372pt.
File: documentation_TEI.pdf Graphic file (type pdf)

<use documentation_TEI.pdf, page 11>
Package pdftex.def Info: documentation_TEI.pdf, page11 used on input line 1609.

(pdftex.def)             Requested size: 597.53821pt x 845.08372pt.
 [86 <./documentation_TEI.pdf>]
<documentation_TEI.pdf, id=1562, page=13, 597.51233pt x 845.0471pt>
File: documentation_TEI.pdf Graphic file (type pdf)

<use documentation_TEI.pdf, page 13>
Package pdftex.def Info: documentation_TEI.pdf, page13 used on input line 1609.

(pdftex.def)             Requested size: 597.53821pt x 845.08372pt.
File: documentation_TEI.pdf Graphic file (type pdf)
 <use documentation_TEI.pdf, page 13>
Package pdftex.def Info: documentation_TEI.pdf, page13 used on input line 1609.

(pdftex.def)             Requested size: 597.53821pt x 845.08372pt.
File: documentation_TEI.pdf Graphic file (type pdf)

<use documentation_TEI.pdf, page 12>
Package pdftex.def Info: documentation_TEI.pdf, page12 used on input line 1609.

(pdftex.def)             Requested size: 597.53821pt x 845.08372pt.
 [87 <./documentation_TEI.pdf>]
<documentation_TEI.pdf, id=1567, page=14, 597.51233pt x 845.0471pt>
File: documentation_TEI.pdf Graphic file (type pdf)

<use documentation_TEI.pdf, page 14>
Package pdftex.def Info: documentation_TEI.pdf, page14 used on input line 1609.

(pdftex.def)             Requested size: 597.53821pt x 845.08372pt.
File: documentation_TEI.pdf Graphic file (type pdf)
 <use documentation_TEI.pdf, page 14>
Package pdftex.def Info: documentation_TEI.pdf, page14 used on input line 1609.

(pdftex.def)             Requested size: 597.53821pt x 845.08372pt.
File: documentation_TEI.pdf Graphic file (type pdf)

<use documentation_TEI.pdf, page 13>
Package pdftex.def Info: documentation_TEI.pdf, page13 used on input line 1609.

(pdftex.def)             Requested size: 597.53821pt x 845.08372pt.
 [88 <./documentation_TEI.pdf>]
<documentation_TEI.pdf, id=1572, page=15, 597.51233pt x 845.0471pt>
File: documentation_TEI.pdf Graphic file (type pdf)

<use documentation_TEI.pdf, page 15>
Package pdftex.def Info: documentation_TEI.pdf, page15 used on input line 1609.

(pdftex.def)             Requested size: 597.53821pt x 845.08372pt.
File: documentation_TEI.pdf Graphic file (type pdf)
 <use documentation_TEI.pdf, page 15>
Package pdftex.def Info: documentation_TEI.pdf, page15 used on input line 1609.

(pdftex.def)             Requested size: 597.53821pt x 845.08372pt.
File: documentation_TEI.pdf Graphic file (type pdf)

<use documentation_TEI.pdf, page 14>
Package pdftex.def Info: documentation_TEI.pdf, page14 used on input line 1609.

(pdftex.def)             Requested size: 597.53821pt x 845.08372pt.
 [89 <./documentation_TEI.pdf>]
<documentation_TEI.pdf, id=1578, page=16, 597.51233pt x 845.0471pt>
File: documentation_TEI.pdf Graphic file (type pdf)

<use documentation_TEI.pdf, page 16>
Package pdftex.def Info: documentation_TEI.pdf, page16 used on input line 1609.

(pdftex.def)             Requested size: 597.53821pt x 845.08372pt.
File: documentation_TEI.pdf Graphic file (type pdf)
 <use documentation_TEI.pdf, page 16>
Package pdftex.def Info: documentation_TEI.pdf, page16 used on input line 1609.

(pdftex.def)             Requested size: 597.53821pt x 845.08372pt.
File: documentation_TEI.pdf Graphic file (type pdf)

<use documentation_TEI.pdf, page 15>
Package pdftex.def Info: documentation_TEI.pdf, page15 used on input line 1609.

(pdftex.def)             Requested size: 597.53821pt x 845.08372pt.
 [90 <./documentation_TEI.pdf>]
<documentation_TEI.pdf, id=1583, page=17, 597.51233pt x 845.0471pt>
File: documentation_TEI.pdf Graphic file (type pdf)

<use documentation_TEI.pdf, page 17>
Package pdftex.def Info: documentation_TEI.pdf, page17 used on input line 1609.

(pdftex.def)             Requested size: 597.53821pt x 845.08372pt.
File: documentation_TEI.pdf Graphic file (type pdf)
 <use documentation_TEI.pdf, page 17>
Package pdftex.def Info: documentation_TEI.pdf, page17 used on input line 1609.

(pdftex.def)             Requested size: 597.53821pt x 845.08372pt.
File: documentation_TEI.pdf Graphic file (type pdf)

<use documentation_TEI.pdf, page 16>
Package pdftex.def Info: documentation_TEI.pdf, page16 used on input line 1609.

(pdftex.def)             Requested size: 597.53821pt x 845.08372pt.
 [91 <./documentation_TEI.pdf>]
<documentation_TEI.pdf, id=1588, page=18, 597.51233pt x 845.0471pt>
File: documentation_TEI.pdf Graphic file (type pdf)

<use documentation_TEI.pdf, page 18>
Package pdftex.def Info: documentation_TEI.pdf, page18 used on input line 1609.

(pdftex.def)             Requested size: 597.53821pt x 845.08372pt.
File: documentation_TEI.pdf Graphic file (type pdf)
 <use documentation_TEI.pdf, page 18>
Package pdftex.def Info: documentation_TEI.pdf, page18 used on input line 1609.

(pdftex.def)             Requested size: 597.53821pt x 845.08372pt.
File: documentation_TEI.pdf Graphic file (type pdf)

<use documentation_TEI.pdf, page 17>
Package pdftex.def Info: documentation_TEI.pdf, page17 used on input line 1609.

(pdftex.def)             Requested size: 597.53821pt x 845.08372pt.
 [92 <./documentation_TEI.pdf>]
<documentation_TEI.pdf, id=1593, page=19, 597.51233pt x 845.0471pt>
File: documentation_TEI.pdf Graphic file (type pdf)

<use documentation_TEI.pdf, page 19>
Package pdftex.def Info: documentation_TEI.pdf, page19 used on input line 1609.

(pdftex.def)             Requested size: 597.53821pt x 845.08372pt.
File: documentation_TEI.pdf Graphic file (type pdf)
 <use documentation_TEI.pdf, page 19>
Package pdftex.def Info: documentation_TEI.pdf, page19 used on input line 1609.

(pdftex.def)             Requested size: 597.53821pt x 845.08372pt.
File: documentation_TEI.pdf Graphic file (type pdf)

<use documentation_TEI.pdf, page 18>
Package pdftex.def Info: documentation_TEI.pdf, page18 used on input line 1609.

(pdftex.def)             Requested size: 597.53821pt x 845.08372pt.
 [93 <./documentation_TEI.pdf>]
<documentation_TEI.pdf, id=1598, page=20, 597.51233pt x 845.0471pt>
File: documentation_TEI.pdf Graphic file (type pdf)

<use documentation_TEI.pdf, page 20>
Package pdftex.def Info: documentation_TEI.pdf, page20 used on input line 1609.

(pdftex.def)             Requested size: 597.53821pt x 845.08372pt.
File: documentation_TEI.pdf Graphic file (type pdf)
 <use documentation_TEI.pdf, page 20>
Package pdftex.def Info: documentation_TEI.pdf, page20 used on input line 1609.

(pdftex.def)             Requested size: 597.53821pt x 845.08372pt.
File: documentation_TEI.pdf Graphic file (type pdf)

<use documentation_TEI.pdf, page 19>
Package pdftex.def Info: documentation_TEI.pdf, page19 used on input line 1609.

(pdftex.def)             Requested size: 597.53821pt x 845.08372pt.
 [94 <./documentation_TEI.pdf>]
<documentation_TEI.pdf, id=1603, page=21, 597.51233pt x 845.0471pt>
File: documentation_TEI.pdf Graphic file (type pdf)

<use documentation_TEI.pdf, page 21>
Package pdftex.def Info: documentation_TEI.pdf, page21 used on input line 1609.

(pdftex.def)             Requested size: 597.53821pt x 845.08372pt.
File: documentation_TEI.pdf Graphic file (type pdf)
 <use documentation_TEI.pdf, page 21>
Package pdftex.def Info: documentation_TEI.pdf, page21 used on input line 1609.

(pdftex.def)             Requested size: 597.53821pt x 845.08372pt.
File: documentation_TEI.pdf Graphic file (type pdf)

<use documentation_TEI.pdf, page 20>
Package pdftex.def Info: documentation_TEI.pdf, page20 used on input line 1609.

(pdftex.def)             Requested size: 597.53821pt x 845.08372pt.
 [95 <./documentation_TEI.pdf>]
File: documentation_TEI.pdf Graphic file (type pdf)

<use documentation_TEI.pdf, page 21>
Package pdftex.def Info: documentation_TEI.pdf, page21 used on input line 1609.

(pdftex.def)             Requested size: 597.53821pt x 845.08372pt.
 [96 <./documentation_TEI.pdf>]
Annexe B.
<1.JPG, id=1613, 724.7075pt x 283.0575pt>
File: 1.JPG Graphic file (type jpg)
 <use 1.JPG>
Package pdftex.def Info: 1.JPG used on input line 1617.
(pdftex.def)             Requested size: 369.88582pt x 144.47401pt.

<2.JPG, id=1614, 689.57625pt x 422.57875pt>
File: 2.JPG Graphic file (type jpg)
 <use 2.JPG>
Package pdftex.def Info: 2.JPG used on input line 1626.
(pdftex.def)             Requested size: 284.52756pt x 174.36101pt.

<4.JPG, id=1615, 1150.2975pt x 428.60126pt>
File: 4.JPG Graphic file (type jpg)
 <use 4.JPG>
Package pdftex.def Info: 4.JPG used on input line 1635.
(pdftex.def)             Requested size: 426.79134pt x 159.01814pt.


LaTeX Warning: `!h' float specifier changed to `!ht'.

<5.JPG, id=1616, 1156.32pt x 431.6125pt>
File: 5.JPG Graphic file (type jpg)
 <use 5.JPG>
Package pdftex.def Info: 5.JPG used on input line 1643.
(pdftex.def)             Requested size: 426.79134pt x 159.30554pt.


LaTeX Warning: `!h' float specifier changed to `!ht'.

<3.JPG, id=1617, 1153.30875pt x 393.47pt>
File: 3.JPG Graphic file (type jpg)
 <use 3.JPG>
Package pdftex.def Info: 3.JPG used on input line 1652.
(pdftex.def)             Requested size: 426.79134pt x 145.60562pt.


LaTeX Warning: `!h' float specifier changed to `!ht'.

<8.JPG, id=1618, 1054.94125pt x 461.725pt>
File: 8.JPG Graphic file (type jpg)
 <use 8.JPG>
Package pdftex.def Info: 8.JPG used on input line 1660.
(pdftex.def)             Requested size: 455.24408pt x 199.24945pt.


LaTeX Warning: `!h' float specifier changed to `!ht'.

<6.JPG, id=1619, 1030.85126pt x 607.26875pt>
File: 6.JPG Graphic file (type jpg)
 <use 6.JPG>
Package pdftex.def Info: 6.JPG used on input line 1668.
(pdftex.def)             Requested size: 455.24408pt x 268.18129pt.


LaTeX Warning: `!h' float specifier changed to `!ht'.

[97

 <./1.JPG> <./2.JPG>] [98 <./4.JPG> <./5.JPG> <./3.JPG>] [99 <./8.JPG> <./6.JPG
>] [100

] (./Memoire_Morvan_Josselin.lof)
\tf@lof=\write7
\openout7 = `Memoire_Morvan_Josselin.lof'.

 [101

] [102

]
(./Memoire_Morvan_Josselin.toc [103] [104])
\tf@toc=\write8
\openout8 = `Memoire_Morvan_Josselin.toc'.

 [105]
Package atveryend Info: Empty hook `BeforeClearDocument' on input line 1682.
Package atveryend Info: Empty hook `AfterLastShipout' on input line 1682.

(./Memoire_Morvan_Josselin.aux)
Package atveryend Info: Executing hook `AtVeryEndDocument' on input line 1682.
Package atveryend Info: Executing hook `AtEndAfterFileList' on input line 1682.

Package rerunfilecheck Info: File `Memoire_Morvan_Josselin.out' has not changed
.
(rerunfilecheck)             Checksum: A77CF3FF305ADD66C8E85845F3289F50;4211.
Package logreq Info: Writing requests to 'Memoire_Morvan_Josselin.run.xml'.
\openout1 = `Memoire_Morvan_Josselin.run.xml'.

Package atveryend Info: Empty hook `AtVeryVeryEnd' on input line 1682.
 ) 
Here is how much of TeX's memory you used:
 27755 strings out of 493089
 494215 string characters out of 6134842
 974278 words of memory out of 5000000
 29896 multiletter control sequences out of 15000+600000
 52322 words of font info for 66 fonts, out of 8000000 for 9000
 1141 hyphenation exceptions out of 8191
 55i,18n,70p,1852b,3155s stack positions out of 5000i,500n,10000p,200000b,80000s
{/usr/local/texlive/2015/texmf-dist/fonts/enc/dvips/base/8r.enc}</usr/local/t
exlive/2015/texmf-dist/fonts/type1/public/amsfonts/cm/cmmi10.pfb></usr/local/te
xlive/2015/texmf-dist/fonts/type1/public/amsfonts/cm/cmr10.pfb></usr/local/texl
ive/2015/texmf-dist/fonts/type1/public/amsfonts/cm/cmsy10.pfb></usr/local/texli
ve/2015/texmf-dist/fonts/type1/urw/courier/ucrr8a.pfb></usr/local/texlive/2015/
texmf-dist/fonts/type1/urw/ncntrsbk/uncb8a.pfb></usr/local/texlive/2015/texmf-d
ist/fonts/type1/urw/ncntrsbk/uncr8a.pfb></usr/local/texlive/2015/texmf-dist/fon
ts/type1/urw/ncntrsbk/uncr8a.pfb></usr/local/texlive/2015/texmf-dist/fonts/type
1/urw/ncntrsbk/uncri8a.pfb>
Output written on Memoire_Morvan_Josselin.pdf (119 pages, 2908474 bytes).
PDF statistics:
 1945 PDF objects out of 2073 (max. 8388607)
 1737 compressed objects within 18 object streams
 888 named destinations out of 1000 (max. 500000)
 624 words of extra memory for PDF output out of 10000 (max. 10000000)

